Jun 24 2023 16:58:47
{"type":8192,"message":"Using ${var} in strings is deprecated, use {$var} instead","file":"C:\\xampp\\htdocs\\victressv2\\wp-content\\plugins\\simply-static\\src\\class-ss-query.php","line":397}

Jun 24 2023 16:58:47
{"type":8192,"message":"Using ${var} in strings is deprecated, use {$var} instead","file":"C:\\xampp\\htdocs\\victressv2\\wp-content\\plugins\\simply-static\\src\\class-ss-query.php","line":397}

Jun 24 2023 16:58:48
{"type":8192,"message":"Using ${var} in strings is deprecated, use {$var} instead","file":"C:\\xampp\\htdocs\\victressv2\\wp-content\\plugins\\simply-static\\src\\class-ss-query.php","line":397}

Jun 24 2023 16:58:48
{"type":8192,"message":"Using ${var} in strings is deprecated, use {$var} instead","file":"C:\\xampp\\htdocs\\victressv2\\wp-content\\plugins\\simply-static\\src\\class-ss-query.php","line":397}

Jun 24 2023 16:58:48
{"type":8192,"message":"Using ${var} in strings is deprecated, use {$var} instead","file":"C:\\xampp\\htdocs\\victressv2\\wp-content\\plugins\\simply-static\\src\\class-ss-query.php","line":397}

Jun 24 2023 16:58:49
{"type":8192,"message":"Using ${var} in strings is deprecated, use {$var} instead","file":"C:\\xampp\\htdocs\\victressv2\\wp-content\\plugins\\simply-static\\src\\class-ss-query.php","line":397}

Jun 24 2023 16:58:49
{"type":8192,"message":"Using ${var} in strings is deprecated, use {$var} instead","file":"C:\\xampp\\htdocs\\victressv2\\wp-content\\plugins\\simply-static\\src\\class-ss-query.php","line":397}

Jun 24 2023 16:58:50
{"type":8192,"message":"Using ${var} in strings is deprecated, use {$var} instead","file":"C:\\xampp\\htdocs\\victressv2\\wp-content\\plugins\\simply-static\\src\\class-ss-query.php","line":397}

Jun 24 2023 16:58:50
{"type":8192,"message":"Using ${var} in strings is deprecated, use {$var} instead","file":"C:\\xampp\\htdocs\\victressv2\\wp-content\\plugins\\simply-static\\src\\class-ss-query.php","line":397}

Jun 24 2023 16:58:51
{"type":8192,"message":"Using ${var} in strings is deprecated, use {$var} instead","file":"C:\\xampp\\htdocs\\victressv2\\wp-content\\plugins\\simply-static\\src\\class-ss-query.php","line":397}

Jun 24 2023 16:58:51
{"type":8192,"message":"Using ${var} in strings is deprecated, use {$var} instead","file":"C:\\xampp\\htdocs\\victressv2\\wp-content\\plugins\\simply-static\\src\\class-ss-query.php","line":397}

Jun 24 2023 16:58:52
{"type":8192,"message":"Using ${var} in strings is deprecated, use {$var} instead","file":"C:\\xampp\\htdocs\\victressv2\\wp-content\\plugins\\simply-static\\src\\class-ss-query.php","line":397}

Jun 24 2023 16:58:52
{"type":8192,"message":"Using ${var} in strings is deprecated, use {$var} instead","file":"C:\\xampp\\htdocs\\victressv2\\wp-content\\plugins\\simply-static\\src\\class-ss-query.php","line":397}

Jun 24 2023 16:58:52
{"type":8192,"message":"Using ${var} in strings is deprecated, use {$var} instead","file":"C:\\xampp\\htdocs\\victressv2\\wp-content\\plugins\\simply-static\\src\\class-ss-query.php","line":397}

Jun 24 2023 16:58:53
{"type":8192,"message":"Using ${var} in strings is deprecated, use {$var} instead","file":"C:\\xampp\\htdocs\\victressv2\\wp-content\\plugins\\simply-static\\src\\class-ss-query.php","line":397}

Jun 24 2023 16:58:53
{"type":8192,"message":"Using ${var} in strings is deprecated, use {$var} instead","file":"C:\\xampp\\htdocs\\victressv2\\wp-content\\plugins\\simply-static\\src\\class-ss-query.php","line":397}

Jun 24 2023 16:58:54
{"type":8192,"message":"Using ${var} in strings is deprecated, use {$var} instead","file":"C:\\xampp\\htdocs\\victressv2\\wp-content\\plugins\\simply-static\\src\\class-ss-query.php","line":397}

Jun 24 2023 16:58:54
{"type":8192,"message":"Using ${var} in strings is deprecated, use {$var} instead","file":"C:\\xampp\\htdocs\\victressv2\\wp-content\\plugins\\simply-static\\src\\class-ss-query.php","line":397}

Jun 24 2023 16:58:55
{"type":8192,"message":"Using ${var} in strings is deprecated, use {$var} instead","file":"C:\\xampp\\htdocs\\victressv2\\wp-content\\plugins\\simply-static\\src\\class-ss-query.php","line":397}

Jun 24 2023 16:58:55
{"type":8192,"message":"Using ${var} in strings is deprecated, use {$var} instead","file":"C:\\xampp\\htdocs\\victressv2\\wp-content\\plugins\\simply-static\\src\\class-ss-query.php","line":397}

Jun 24 2023 16:58:56
{"type":8192,"message":"Using ${var} in strings is deprecated, use {$var} instead","file":"C:\\xampp\\htdocs\\victressv2\\wp-content\\plugins\\simply-static\\src\\class-ss-query.php","line":397}

Jun 24 2023 16:58:56
{"type":8192,"message":"Using ${var} in strings is deprecated, use {$var} instead","file":"C:\\xampp\\htdocs\\victressv2\\wp-content\\plugins\\simply-static\\src\\class-ss-query.php","line":397}

Jun 24 2023 16:58:57
{"type":8192,"message":"Using ${var} in strings is deprecated, use {$var} instead","file":"C:\\xampp\\htdocs\\victressv2\\wp-content\\plugins\\simply-static\\src\\class-ss-query.php","line":397}

Jun 24 2023 16:59:02
{"type":8192,"message":"Using ${var} in strings is deprecated, use {$var} instead","file":"C:\\xampp\\htdocs\\victressv2\\wp-content\\plugins\\simply-static\\src\\class-ss-query.php","line":397}

Jun 24 2023 16:59:03
{"type":8192,"message":"Using ${var} in strings is deprecated, use {$var} instead","file":"C:\\xampp\\htdocs\\victressv2\\wp-content\\plugins\\simply-static\\src\\class-ss-query.php","line":397}

Jun 24 2023 16:59:13
{"type":8192,"message":"Using ${var} in strings is deprecated, use {$var} instead","file":"C:\\xampp\\htdocs\\victressv2\\wp-content\\plugins\\simply-static\\src\\class-ss-query.php","line":397}

Jun 24 2023 16:59:16
{"type":8192,"message":"Using ${var} in strings is deprecated, use {$var} instead","file":"C:\\xampp\\htdocs\\victressv2\\wp-content\\plugins\\simply-static\\src\\class-ss-query.php","line":397}

Jun 24 2023 16:59:17
{"type":8192,"message":"Using ${var} in strings is deprecated, use {$var} instead","file":"C:\\xampp\\htdocs\\victressv2\\wp-content\\plugins\\simply-static\\src\\class-ss-query.php","line":397}

Jun 24 2023 16:59:17
{"Number":8192,"Message":"Creation of dynamic property Ai1wm_Database_Mysqli::$old_replace_raw_values is deprecated","File":"C:\\xampp\\htdocs\\victressv2\\wp-content\\plugins\\all-in-one-wp-migration-master\\lib\\vendor\\servmask\\database\\class-ai1wm-database.php","Line":300}

Jun 24 2023 16:59:17
{"Number":8192,"Message":"Creation of dynamic property Ai1wm_Database_Mysqli::$new_replace_raw_values is deprecated","File":"C:\\xampp\\htdocs\\victressv2\\wp-content\\plugins\\all-in-one-wp-migration-master\\lib\\vendor\\servmask\\database\\class-ai1wm-database.php","Line":321}

Jun 24 2023 16:59:20
{"type":8192,"message":"Using ${var} in strings is deprecated, use {$var} instead","file":"C:\\xampp\\htdocs\\victressv2\\wp-content\\plugins\\simply-static\\src\\class-ss-query.php","line":397}

Jun 24 2023 16:59:20
{"type":8192,"message":"Return type of Ai1wm_Recursive_Newline_Filter::accept() should either be compatible with FilterIterator::accept(): bool, or the #[\\ReturnTypeWillChange] attribute should be used to temporarily suppress the notice","file":"C:\\xampp\\htdocs\\victressv2\\wp-content\\plugins\\all-in-one-wp-migration-master\\lib\\vendor\\servmask\\filter\\class-ai1wm-recursive-newline-filter.php","line":28}

Jun 24 2023 16:59:22
{"type":8192,"message":"Using ${var} in strings is deprecated, use {$var} instead","file":"C:\\xampp\\htdocs\\victressv2\\wp-content\\plugins\\simply-static\\src\\class-ss-query.php","line":397}

